[ 2026-04-08 17:43:27,488 ] 1025 httpx - INFO - HTTP Request: GET https://dagshub.com/api/v1/user "HTTP/1.1 200 OK"
[ 2026-04-08 17:43:27,492 ] 107 dagshub - INFO - Accessing as ashishk7011
[ 2026-04-08 17:43:28,450 ] 1025 httpx - INFO - HTTP Request: GET https://dagshub.com/api/v1/repos/ashishk7011/End_To_End_ML_Project_with_Deployement "HTTP/1.1 200 OK"
[ 2026-04-08 17:43:29,324 ] 1025 httpx - INFO - HTTP Request: GET https://dagshub.com/api/v1/user "HTTP/1.1 200 OK"
[ 2026-04-08 17:43:29,326 ] 107 dagshub - INFO - Initialized MLflow to track repo "ashishk7011/End_To_End_ML_Project_with_Deployement"
[ 2026-04-08 17:43:29,329 ] 107 dagshub - INFO - Repository ashishk7011/End_To_End_ML_Project_with_Deployement initialized!
[ 2026-04-08 17:44:16,066 ] 42 root - INFO - Start data Ingestion
[ 2026-04-08 17:44:22,220 ] 65 root - INFO - Performed train test split on the dataframe
[ 2026-04-08 17:44:22,220 ] 67 root - INFO - Exited split_data_as_train_test method of Data_Ingestion class
[ 2026-04-08 17:44:22,221 ] 75 root - INFO - Exporting train and test file path.
[ 2026-04-08 17:44:22,260 ] 84 root - INFO - Exported train and test file path.
[ 2026-04-08 17:44:22,260 ] 45 root - INFO - Data Ingestion completed and artifact: DataIngestionArtifact(trained_file_path='Artifacts\\04_08_2026_17_43_24\\data_ingestion\\ingested\\train.csv', test_file_path='Artifacts\\04_08_2026_17_43_24\\data_ingestion\\ingested\\test.csv')
[ 2026-04-08 17:44:22,264 ] 55 root - INFO - Initiate the data Validation
[ 2026-04-08 17:44:22,332 ] 32 root - INFO - Required number of columns:2
[ 2026-04-08 17:44:22,333 ] 33 root - INFO - Data frame has columns:31
[ 2026-04-08 17:44:22,333 ] 32 root - INFO - Required number of columns:2
[ 2026-04-08 17:44:22,333 ] 33 root - INFO - Data frame has columns:31
[ 2026-04-08 17:44:22,447 ] 63 root - INFO - Entered initiate_data_transformation method of DataTransformation class
[ 2026-04-08 17:44:22,447 ] 65 root - INFO - Starting data transformation
[ 2026-04-08 17:44:22,466 ] 48 root - INFO - Entered get_data_trnasformer_object method of Trnasformation class
[ 2026-04-08 17:44:22,466 ] 53 root - INFO - Initialise KNNImputer with {'missing_values': nan, 'n_neighbors': 3, 'weights': 'uniform'}
[ 2026-04-08 17:44:22,478 ] 46 root - INFO - Entered the save_object method of MainUtils class
[ 2026-04-08 17:44:22,480 ] 50 root - INFO - Exited the save_object method of MainUtils class
[ 2026-04-08 17:44:22,480 ] 46 root - INFO - Entered the save_object method of MainUtils class
[ 2026-04-08 17:44:22,482 ] 50 root - INFO - Exited the save_object method of MainUtils class
[ 2026-04-08 17:47:39,495 ] 46 root - INFO - Entered the save_object method of MainUtils class
[ 2026-04-08 17:47:39,496 ] 50 root - INFO - Exited the save_object method of MainUtils class
[ 2026-04-08 17:47:39,496 ] 46 root - INFO - Entered the save_object method of MainUtils class
[ 2026-04-08 17:47:39,528 ] 50 root - INFO - Exited the save_object method of MainUtils class
[ 2026-04-08 17:47:39,528 ] 130 root - INFO - Model trainer artifact: ModelTrainerArtifact(trained_model_file_path='Artifacts\\04_08_2026_17_43_24\\model_trainer\\trained_model\\model.pkl', train_metric_artifact=ClassificationMetricArtifact(f1_score=0.9915031357475218, precision_score=0.9887028444623764, recall_score=0.9943193345506188), test_metric_artifact=ClassificationMetricArtifact(f1_score=0.975233455136013, precision_score=0.9724696356275304, recall_score=0.9780130293159609))
