[ 2026-04-08 17:56:57,031 ] 1025 httpx - INFO - HTTP Request: GET https://dagshub.com/api/v1/user "HTTP/1.1 200 OK"
[ 2026-04-08 17:56:57,034 ] 107 dagshub - INFO - Accessing as ashishk7011
[ 2026-04-08 17:56:57,947 ] 1025 httpx - INFO - HTTP Request: GET https://dagshub.com/api/v1/repos/ashishk7011/End_To_End_ML_Project_with_Deployement "HTTP/1.1 200 OK"
[ 2026-04-08 17:56:58,831 ] 1025 httpx - INFO - HTTP Request: GET https://dagshub.com/api/v1/user "HTTP/1.1 200 OK"
[ 2026-04-08 17:56:58,833 ] 107 dagshub - INFO - Initialized MLflow to track repo "ashishk7011/End_To_End_ML_Project_with_Deployement"
[ 2026-04-08 17:56:58,837 ] 107 dagshub - INFO - Repository ashishk7011/End_To_End_ML_Project_with_Deployement initialized!
[ 2026-04-08 17:57:41,365 ] 42 root - INFO - Start data Ingestion
[ 2026-04-08 17:57:48,145 ] 65 root - INFO - Performed train test split on the dataframe
[ 2026-04-08 17:57:48,145 ] 67 root - INFO - Exited split_data_as_train_test method of Data_Ingestion class
[ 2026-04-08 17:57:48,146 ] 75 root - INFO - Exporting train and test file path.
[ 2026-04-08 17:57:48,239 ] 84 root - INFO - Exported train and test file path.
[ 2026-04-08 17:57:48,240 ] 45 root - INFO - Data Ingestion completed and artifact: DataIngestionArtifact(trained_file_path='Artifacts\\04_08_2026_17_56_43\\data_ingestion\\ingested\\train.csv', test_file_path='Artifacts\\04_08_2026_17_56_43\\data_ingestion\\ingested\\test.csv')
[ 2026-04-08 17:57:48,268 ] 55 root - INFO - Initiate the data Validation
[ 2026-04-08 17:57:48,355 ] 32 root - INFO - Required number of columns:2
[ 2026-04-08 17:57:48,355 ] 33 root - INFO - Data frame has columns:31
[ 2026-04-08 17:57:48,355 ] 32 root - INFO - Required number of columns:2
[ 2026-04-08 17:57:48,355 ] 33 root - INFO - Data frame has columns:31
[ 2026-04-08 17:57:48,612 ] 63 root - INFO - Entered initiate_data_transformation method of DataTransformation class
[ 2026-04-08 17:57:48,612 ] 65 root - INFO - Starting data transformation
[ 2026-04-08 17:57:48,691 ] 48 root - INFO - Entered get_data_trnasformer_object method of Trnasformation class
[ 2026-04-08 17:57:48,691 ] 53 root - INFO - Initialise KNNImputer with {'missing_values': nan, 'n_neighbors': 3, 'weights': 'uniform'}
[ 2026-04-08 17:57:48,720 ] 46 root - INFO - Entered the save_object method of MainUtils class
[ 2026-04-08 17:57:48,727 ] 50 root - INFO - Exited the save_object method of MainUtils class
[ 2026-04-08 17:57:48,727 ] 46 root - INFO - Entered the save_object method of MainUtils class
[ 2026-04-08 17:57:48,732 ] 50 root - INFO - Exited the save_object method of MainUtils class
[ 2026-04-08 18:04:35,598 ] 46 root - INFO - Entered the save_object method of MainUtils class
[ 2026-04-08 18:04:35,599 ] 50 root - INFO - Exited the save_object method of MainUtils class
[ 2026-04-08 18:04:35,599 ] 46 root - INFO - Entered the save_object method of MainUtils class
[ 2026-04-08 18:04:35,635 ] 50 root - INFO - Exited the save_object method of MainUtils class
[ 2026-04-08 18:04:35,635 ] 130 root - INFO - Model trainer artifact: ModelTrainerArtifact(trained_model_file_path='Artifacts\\04_08_2026_17_56_43\\model_trainer\\trained_model\\model.pkl', train_metric_artifact=ClassificationMetricArtifact(f1_score=0.9916102294551703, precision_score=0.9899091826437941, recall_score=0.9933171324422844), test_metric_artifact=ClassificationMetricArtifact(f1_score=0.9720081135902637, precision_score=0.9614767255216693, recall_score=0.9827727645611156))
