[ 2026-04-08 21:57:14,639 ] 1025 httpx - INFO - HTTP Request: GET https://dagshub.com/api/v1/user "HTTP/1.1 200 OK"
[ 2026-04-08 21:57:14,647 ] 107 dagshub - INFO - Accessing as ashishk7011
[ 2026-04-08 21:57:15,640 ] 1025 httpx - INFO - HTTP Request: GET https://dagshub.com/api/v1/repos/ashishk7011/End_To_End_ML_Project_with_Deployement "HTTP/1.1 200 OK"
[ 2026-04-08 21:57:16,555 ] 1025 httpx - INFO - HTTP Request: GET https://dagshub.com/api/v1/user "HTTP/1.1 200 OK"
[ 2026-04-08 21:57:16,558 ] 107 dagshub - INFO - Initialized MLflow to track repo "ashishk7011/End_To_End_ML_Project_with_Deployement"
[ 2026-04-08 21:57:16,563 ] 107 dagshub - INFO - Repository ashishk7011/End_To_End_ML_Project_with_Deployement initialized!
[ 2026-04-08 21:57:26,041 ] 42 root - INFO - Start data Ingestion
[ 2026-04-08 21:57:32,471 ] 65 root - INFO - Performed train test split on the dataframe
[ 2026-04-08 21:57:32,472 ] 67 root - INFO - Exited split_data_as_train_test method of Data_Ingestion class
[ 2026-04-08 21:57:32,472 ] 75 root - INFO - Exporting train and test file path.
[ 2026-04-08 21:57:32,573 ] 84 root - INFO - Exported train and test file path.
[ 2026-04-08 21:57:32,574 ] 45 root - INFO - Data Ingestion completed and artifact: DataIngestionArtifact(trained_file_path='Artifacts\\04_08_2026_21_56_59\\data_ingestion\\ingested\\train.csv', test_file_path='Artifacts\\04_08_2026_21_56_59\\data_ingestion\\ingested\\test.csv')
[ 2026-04-08 21:57:32,603 ] 55 root - INFO - Initiate the data Validation
[ 2026-04-08 21:57:32,694 ] 32 root - INFO - Required number of columns:2
[ 2026-04-08 21:57:32,694 ] 33 root - INFO - Data frame has columns:31
[ 2026-04-08 21:57:32,694 ] 32 root - INFO - Required number of columns:2
[ 2026-04-08 21:57:32,694 ] 33 root - INFO - Data frame has columns:31
[ 2026-04-08 21:57:32,941 ] 63 root - INFO - Entered initiate_data_transformation method of DataTransformation class
[ 2026-04-08 21:57:32,941 ] 65 root - INFO - Starting data transformation
[ 2026-04-08 21:57:33,016 ] 48 root - INFO - Entered get_data_trnasformer_object method of Trnasformation class
[ 2026-04-08 21:57:33,016 ] 53 root - INFO - Initialise KNNImputer with {'missing_values': nan, 'n_neighbors': 3, 'weights': 'uniform'}
[ 2026-04-08 21:57:33,049 ] 46 root - INFO - Entered the save_object method of MainUtils class
[ 2026-04-08 21:57:33,053 ] 50 root - INFO - Exited the save_object method of MainUtils class
[ 2026-04-08 21:57:33,053 ] 46 root - INFO - Entered the save_object method of MainUtils class
[ 2026-04-08 21:57:33,060 ] 50 root - INFO - Exited the save_object method of MainUtils class
[ 2026-04-08 22:01:22,291 ] 46 root - INFO - Entered the save_object method of MainUtils class
[ 2026-04-08 22:01:22,292 ] 50 root - INFO - Exited the save_object method of MainUtils class
[ 2026-04-08 22:01:22,292 ] 46 root - INFO - Entered the save_object method of MainUtils class
[ 2026-04-08 22:01:22,326 ] 50 root - INFO - Exited the save_object method of MainUtils class
[ 2026-04-08 22:01:22,326 ] 130 root - INFO - Model trainer artifact: ModelTrainerArtifact(trained_model_file_path='Artifacts\\04_08_2026_21_56_59\\model_trainer\\trained_model\\model.pkl', train_metric_artifact=ClassificationMetricArtifact(f1_score=0.9918133442488744, precision_score=0.9897875816993464, recall_score=0.9938474159146842), test_metric_artifact=ClassificationMetricArtifact(f1_score=0.9735202492211839, precision_score=0.9712509712509713, recall_score=0.975800156128025))
